
Showing logs for build [32msimonjamesrowe-strapi-cms-maste-qbjkr-1[0m stage [32mfrom-build-pack[0m and container [32mstep-credential-initializer-rtvfn[0m
{"level":"info","ts":1592633387.6674664,"logger":"fallback-logger","caller":"logging/config.go:69","msg":"Fetch GitHub commit ID from kodata failed: open /var/run/ko/refs/heads/0.8.0-ns-support: no such file or directory"}
{"level":"info","ts":1592633387.668115,"logger":"fallback-logger","caller":"creds-init/main.go:40","msg":"Credentials initialized."}

Showing logs for build [32msimonjamesrowe-strapi-cms-maste-qbjkr-1[0m stage [32mfrom-build-pack[0m and container [32mstep-working-dir-initializer-f4hhn[0m
{"level":"info","ts":1592633388.8779655,"logger":"fallback-logger","caller":"logging/config.go:69","msg":"Fetch GitHub commit ID from kodata failed: open /var/run/ko/HEAD: no such file or directory"}
{"level":"info","ts":1592633388.8798265,"logger":"fallback-logger","caller":"bash/main.go:64","msg":"Successfully executed command \"sh -c mkdir -p /workspace/source\"; output "}

Showing logs for build [32msimonjamesrowe-strapi-cms-maste-qbjkr-1[0m stage [32mfrom-build-pack[0m and container [32mstep-place-tools[0m

Showing logs for build [32msimonjamesrowe-strapi-cms-maste-qbjkr-1[0m stage [32mfrom-build-pack[0m and container [32mstep-git-source-simonjamesrowe-strapi-cms-maste-qbjkr-mprsp[0m
{"level":"info","ts":1592633439.9287946,"logger":"fallback-logger","caller":"logging/config.go:69","msg":"Fetch GitHub commit ID from kodata failed: open /var/run/ko/refs/heads/0.8.0-ns-support: no such file or directory"}
{"level":"info","ts":1592633441.5065494,"logger":"fallback-logger","caller":"git/git.go:103","msg":"Successfully cloned https://github.com/simonjamesrowe/strapi-cms.git @ v0.0.8 in path /workspace/source"}

Showing logs for build [32msimonjamesrowe-strapi-cms-maste-qbjkr-1[0m stage [32mfrom-build-pack[0m and container [32mstep-git-merge[0m
Using SHAs from PULL_REFS=master:9080b940809a8ae0629a3d8946d042c626eacd83
WARNING: no SHAs to merge, falling back to initial cloned commit

Showing logs for build [32msimonjamesrowe-strapi-cms-maste-qbjkr-1[0m stage [32mfrom-build-pack[0m and container [32mstep-setup-jx-git-credentials[0m
Generated Git credentials file /workspace/xdg_config/git/credentials

Showing logs for build [32msimonjamesrowe-strapi-cms-maste-qbjkr-1[0m stage [32mfrom-build-pack[0m and container [32mstep-build-container-build[0m
[36mINFO[0m[0000] Using dockerignore file: /workspace/source/.dockerignore 
[36mINFO[0m[0000] Retrieving image manifest strapi/base        
[36mINFO[0m[0002] Retrieving image manifest strapi/base        
[36mINFO[0m[0003] Built cross stage deps: map[]                
[36mINFO[0m[0003] Retrieving image manifest strapi/base        
[36mINFO[0m[0003] Retrieving image manifest strapi/base        
[36mINFO[0m[0004] Executing 0 build triggers                   
[36mINFO[0m[0004] Checking for cached layer harbor.simonjamesrowe.com/todo/cache:5f8247a50563522b2f5f2b2269853c9bcc3d05a2c712d425c5c50b37b24de923... 
[36mINFO[0m[0005] No cached layer found for cmd COPY ./package.json ./ 
[36mINFO[0m[0005] cmd: EXPOSE                                  
[36mINFO[0m[0005] Adding exposed port: 1337/tcp                
[36mINFO[0m[0005] Unpacking ****fs as cmd COPY ./package.json ./ requires it. 
[36mINFO[0m[0034] WORKDIR /app                                 
[36mINFO[0m[0034] cmd: workdir                                 
[36mINFO[0m[0034] Changed working directory to /app            
[36mINFO[0m[0034] Creating directory /app                      
[36mINFO[0m[0034] Resolving 1 paths                            
[36mINFO[0m[0034] Taking snapshot of files...                  
[36mINFO[0m[0034] COPY ./package.json ./                       
[36mINFO[0m[0034] Resolving 1 paths                            
[36mINFO[0m[0034] Taking snapshot of files...                  
[36mINFO[0m[0034] Pushing layer harbor.simonjamesrowe.com/todo/cache:5f8247a50563522b2f5f2b2269853c9bcc3d05a2c712d425c5c50b37b24de923 to cache now 
[36mINFO[0m[0034] COPY ./yarn.lock ./                          
[36mINFO[0m[0034] Resolving 1 paths                            
[36mINFO[0m[0034] Taking snapshot of files...                  
[36mINFO[0m[0034] Pushing layer harbor.simonjamesrowe.com/todo/cache:eac29f981d000a25cc64c2ade7f4cc32de55fc8bb1f1f53a41af2a23f328e1b8 to cache now 
[36mINFO[0m[0034] RUN yarn install --network-timeout 1000000   
[36mINFO[0m[0034] Taking snapshot of full filesystem...        
[36mINFO[0m[0039] Resolving 40600 paths                        
[36mINFO[0m[0043] cmd: /bin/sh                                 
[36mINFO[0m[0043] args: [-c yarn install --network-timeout 1000000] 
[36mINFO[0m[0043] Running: [/bin/sh -c yarn install --network-timeout 1000000] 
yarn install v1.22.4
[1/5] Validating package.json...
[2/5] Resolving packages...
[3/5] Fetching packages...
warning url-loader@1.1.2: Invalid bin field for "url-loader".
info fsevents@2.1.2: The platform "linux" is incompatible with this module.
info "fsevents@2.1.2" is an optional dependency and failed compatibility check. Excluding it from installation.
info fsevents@1.2.11: The platform "linux" is incompatible with this module.
info "fsevents@1.2.11" is an optional dependency and failed compatibility check. Excluding it from installation.
[4/5] Linking dependencies...
warning "strapi-***** > bootstrap@4.4.1" has unmet peer dependency "jquery@1.9.1 - 3".
warning "strapi-***** > bootstrap@4.4.1" has unmet peer dependency "popper.js@^1.16.0".
warning "strapi-***** > @buffetjs/core > react-dates@21.7.0" has unmet peer dependency "react-with-direction@^1.3.1".
warning "strapi-plugin-users-permissions > grant-koa@5.2.0" has unmet peer dependency "koa@>=2.0.0".
[5/5] Building fresh packages...
Done in 95.93s.
[36mINFO[0m[0139] Taking snapshot of full filesystem...        
[36mINFO[0m[0140] Resolving 156535 paths                       
[36mINFO[0m[0224] Pushing layer harbor.simonjamesrowe.com/todo/cache:441a243690e49d041760adb8f8ca34f7d678eafb8a5975d3b6c55c2628f11d14 to cache now 
[36mINFO[0m[0224] COPY . .                                     
[36mINFO[0m[0224] Resolving 149 paths                          
[36mINFO[0m[0224] Taking snapshot of files...                  
[36mINFO[0m[0224] Pushing layer harbor.simonjamesrowe.com/todo/cache:a039905fffd21ff645520ecb7bd2e402bf8c3a2558c95bbbba7f4267967bbe72 to cache now 
[36mINFO[0m[0224] RUN yarn build                               
[36mINFO[0m[0224] cmd: /bin/sh                                 
[36mINFO[0m[0224] args: [-c yarn build]                        
[36mINFO[0m[0224] Running: [/bin/sh -c yarn build]             
yarn run v1.22.4
$ strapi build
Building your ***** UI with development configuration ...
ℹ Compiling Webpack
✔ Webpack: Compiled successfully in 1.32m
Done in 81.91s.
[36mINFO[0m[0307] Taking snapshot of full filesystem...        
[36mINFO[0m[0308] Resolving 158982 paths                       
[36mINFO[0m[0366] Pushing layer harbor.simonjamesrowe.com/todo/cache:340aa19f2806f8b6000d5f00ad4dff1e1c861e3c9c7f92a8d41edb20ea5617b8 to cache now 
[36mINFO[0m[0366] EXPOSE 1337                                  
[36mINFO[0m[0366] cmd: EXPOSE                                  
[36mINFO[0m[0366] Adding exposed port: 1337/tcp                
[36mINFO[0m[0366] No files changed in this command, skipping snapshotting. 
[36mINFO[0m[0366] ENV NODE_ENV production                      
[36mINFO[0m[0366] No files changed in this command, skipping snapshotting. 
[36mINFO[0m[0366] CMD ["yarn", "start"]                        
[36mINFO[0m[0366] No files changed in this command, skipping snapshotting. 
[33mWARN[0m[0367] error uploading layer to cache: failed to push to destination harbor.simonjamesrowe.com/todo/cache:eac29f981d000a25cc64c2ade7f4cc32de55fc8bb1f1f53a41af2a23f328e1b8: HEAD https://harbor.simonjamesrowe.com/v2/todo/cache/blobs/sha256:9b8a58bfe6a59a2c48dc8cd3ae662fd51e4ba595f514ba914e1eaaf078dc5b95: unsupported status code 401 

Showing logs for build [32msimonjamesrowe-strapi-cms-maste-qbjkr-1[0m stage [32mfrom-build-pack[0m and container [32mstep-build-post-build[0m
no CVE provider running in the current ** namespace so skip adding image to be analysed

Showing logs for build [32msimonjamesrowe-strapi-cms-maste-qbjkr-1[0m stage [32mfrom-build-pack[0m and container [32mstep-promote-changelog[0m
Converted /workspace/source/charts/strapi-cms to an unshallow repository
Generating change log from git ref 6f244594ae207c054d3c678d3be0aacbe1a1d159 => dfaa14dd470cef3c71a3262605630ea4b134c7e9
WARNING: Failed to enrich commit f7b0710b67f84ab0e7d7298f7bfafd4900d4eec5 with issues: users.jenkins.io "x-0" already exists
Finding issues in commit messages using git format
WARNING: No release found for simonjamesrowe/strapi-cms and tag v0.0.8 so creating a new release
Updated the release information at https://github.com/simonjamesrowe/strapi-cms/releases/tag/v0.0.8
generated: /workspace/source/charts/strapi-cms/templates/release.yaml
Created Release strapi-cms-0-0-8 resource in namespace **
Updating PipelineActivity simonjamesrowe-strapi-cms-master-1 with version 0.0.8
Updated PipelineActivities simonjamesrowe-strapi-cms-master-1 with release notes URL: https://github.com/simonjamesrowe/strapi-cms/releases/tag/v0.0.8

Showing logs for build [32msimonjamesrowe-strapi-cms-maste-qbjkr-1[0m stage [32mfrom-build-pack[0m and container [32mstep-promote-helm-release[0m
WARNING: No $CHART_REPOSITORY defined so using the default value of: http://jenkins-x-chartmuseum:8080
Adding missing Helm repo: storage.googleapis.com https://storage.googleapis.com/chartmuseum.jenkins-x.io
Successfully added Helm repository storage.googleapis.com.
Adding missing Helm repo: jenkins-x-chartmuseum http://jenkins-x-chartmuseum:8080
Successfully added Helm repository jenkins-x-chartmuseum.
WARNING: No $CHART_REPOSITORY defined so using the default value of: http://jenkins-x-chartmuseum:8080
Uploading chart file strapi-cms-0.0.8.tgz to http://jenkins-x-chartmuseum:8080/api/charts
Received 201 response: {"saved":true}

Showing logs for build [32msimonjamesrowe-strapi-cms-maste-qbjkr-1[0m stage [32mfrom-build-pack[0m and container [32mstep-promote-jx-promote[0m
WARNING: prow based install so skip waiting for the merge of Pull Requests to go green as currently there is an issue with gettingstatuses from the PR, see https://github.com/jenkins-x/**/issues/2410
WARNING: No $CHART_REPOSITORY defined so using the default value of: http://jenkins-x-chartmuseum:8080
Promoting app strapi-cms version 0.0.8 to namespace **-staging
WARNING: Waiting for the fork of *************/environment-simonjamesrowe-staging to appear...
Forked Git repository to https://github.com/*************/environment-simonjamesrowe-staging
Created Pull Request: https://github.com/simonjamesrowe/environment-simonjamesrowe-staging/pull/20
Added label updatebot to Pull Request https://github.com/simonjamesrowe/environment-simonjamesrowe-staging/pull/20
WARNING: Failed to query the Pull Request last commit status for https://github.com/simonjamesrowe/environment-simonjamesrowe-staging/pull/20 ref e27728fff9ca764a1b3ab75965e124499396ba7f Could not find a status for repository simonjamesrowe/environment-simonjamesrowe-staging with ref e27728fff9ca764a1b3ab75965e124499396ba7f
got git provider status pending from PR https://github.com/simonjamesrowe/environment-simonjamesrowe-staging/pull/20
got git provider status pending from PR https://github.com/simonjamesrowe/environment-simonjamesrowe-staging/pull/20
Pull Request https://github.com/simonjamesrowe/environment-simonjamesrowe-staging/pull/20 is merged at sha c605054cceaffc95fbeb945a8f697bf116365640
Pull Request merged but we are not waiting for the update pipeline to complete!
WARNING: Could not find the service URL in namespace **-staging for names strapi-cms, **-strapi-cms, **-staging-strapi-cms
