
Showing logs for build [32msimonjamesrowe-strapi-cms-maste-m9g96-3[0m stage [32mfrom-build-pack[0m and container [32mstep-credential-initializer-8thnr[0m
{"level":"info","ts":1592633986.9660897,"logger":"fallback-logger","caller":"logging/config.go:69","msg":"Fetch GitHub commit ID from kodata failed: open /var/run/ko/refs/heads/0.8.0-ns-support: no such file or directory"}
{"level":"info","ts":1592633986.966707,"logger":"fallback-logger","caller":"creds-init/main.go:40","msg":"Credentials initialized."}

Showing logs for build [32msimonjamesrowe-strapi-cms-maste-m9g96-3[0m stage [32mfrom-build-pack[0m and container [32mstep-working-dir-initializer-mclcz[0m
{"level":"info","ts":1592633987.3684387,"logger":"fallback-logger","caller":"logging/config.go:69","msg":"Fetch GitHub commit ID from kodata failed: open /var/run/ko/HEAD: no such file or directory"}
{"level":"info","ts":1592633987.3697314,"logger":"fallback-logger","caller":"bash/main.go:64","msg":"Successfully executed command \"sh -c mkdir -p /workspace/source\"; output "}

Showing logs for build [32msimonjamesrowe-strapi-cms-maste-m9g96-3[0m stage [32mfrom-build-pack[0m and container [32mstep-place-tools[0m

Showing logs for build [32msimonjamesrowe-strapi-cms-maste-m9g96-3[0m stage [32mfrom-build-pack[0m and container [32mstep-git-source-simonjamesrowe-strapi-cms-maste-m9g96-gn2dq[0m
{"level":"info","ts":1592633992.4013288,"logger":"fallback-logger","caller":"logging/config.go:69","msg":"Fetch GitHub commit ID from kodata failed: open /var/run/ko/refs/heads/0.8.0-ns-support: no such file or directory"}
{"level":"info","ts":1592633993.9528258,"logger":"fallback-logger","caller":"git/git.go:103","msg":"Successfully cloned https://github.com/simonjamesrowe/strapi-cms.git @ v0.0.9 in path /workspace/source"}

Showing logs for build [32msimonjamesrowe-strapi-cms-maste-m9g96-3[0m stage [32mfrom-build-pack[0m and container [32mstep-git-merge[0m
Using SHAs from PULL_REFS=master:
WARNING: no SHAs to merge, falling back to initial cloned commit

Showing logs for build [32msimonjamesrowe-strapi-cms-maste-m9g96-3[0m stage [32mfrom-build-pack[0m and container [32mstep-setup-jx-git-credentials[0m
Generated Git credentials file /workspace/xdg_config/git/credentials

Showing logs for build [32msimonjamesrowe-strapi-cms-maste-m9g96-3[0m stage [32mfrom-build-pack[0m and container [32mstep-build-container-build[0m
[36mINFO[0m[0000] Using dockerignore file: /workspace/source/.dockerignore 
[36mINFO[0m[0000] Retrieving image manifest strapi/base        
[36mINFO[0m[0002] Retrieving image manifest strapi/base        
[36mINFO[0m[0002] Built cross stage deps: map[]                
[36mINFO[0m[0002] Retrieving image manifest strapi/base        
[36mINFO[0m[0003] Retrieving image manifest strapi/base        
[36mINFO[0m[0004] Executing 0 build triggers                   
[36mINFO[0m[0004] Checking for cached layer harbor.simonjamesrowe.com/todo/cache:5f8247a50563522b2f5f2b2269853c9bcc3d05a2c712d425c5c50b37b24de923... 
[36mINFO[0m[0005] No cached layer found for cmd COPY ./package.json ./ 
[36mINFO[0m[0005] cmd: EXPOSE                                  
[36mINFO[0m[0005] Adding exposed port: 1337/tcp                
[36mINFO[0m[0005] Unpacking ****fs as cmd COPY ./package.json ./ requires it. 
[36mINFO[0m[0037] WORKDIR /app                                 
[36mINFO[0m[0037] cmd: workdir                                 
[36mINFO[0m[0037] Changed working directory to /app            
[36mINFO[0m[0037] Creating directory /app                      
[36mINFO[0m[0037] Resolving 1 paths                            
[36mINFO[0m[0037] Taking snapshot of files...                  
[36mINFO[0m[0037] COPY ./package.json ./                       
[36mINFO[0m[0037] Resolving 1 paths                            
[36mINFO[0m[0037] Taking snapshot of files...                  
[36mINFO[0m[0037] Pushing layer harbor.simonjamesrowe.com/todo/cache:5f8247a50563522b2f5f2b2269853c9bcc3d05a2c712d425c5c50b37b24de923 to cache now 
[36mINFO[0m[0037] COPY ./yarn.lock ./                          
[36mINFO[0m[0037] Resolving 1 paths                            
[36mINFO[0m[0037] Taking snapshot of files...                  
[36mINFO[0m[0037] RUN yarn install --network-timeout 1000000   
[36mINFO[0m[0037] Taking snapshot of full filesystem...        
[36mINFO[0m[0038] Pushing layer harbor.simonjamesrowe.com/todo/cache:85622ad0b641e8736c87ecb9a78f9d19f2ec23342441366913912b38ceffa057 to cache now 
[36mINFO[0m[0043] Resolving 40600 paths                        
[36mINFO[0m[0048] cmd: /bin/sh                                 
[36mINFO[0m[0048] args: [-c yarn install --network-timeout 1000000] 
[36mINFO[0m[0048] Running: [/bin/sh -c yarn install --network-timeout 1000000] 
yarn install v1.22.4
[1/5] Validating package.json...
[2/5] Resolving packages...
[3/5] Fetching packages...
warning url-loader@1.1.2: Invalid bin field for "url-loader".
info fsevents@2.1.2: The platform "linux" is incompatible with this module.
info "fsevents@2.1.2" is an optional dependency and failed compatibility check. Excluding it from installation.
info fsevents@1.2.11: The platform "linux" is incompatible with this module.
info "fsevents@1.2.11" is an optional dependency and failed compatibility check. Excluding it from installation.
[4/5] Linking dependencies...
warning "strapi-***** > bootstrap@4.4.1" has unmet peer dependency "jquery@1.9.1 - 3".
warning "strapi-***** > bootstrap@4.4.1" has unmet peer dependency "popper.js@^1.16.0".
warning "strapi-***** > @buffetjs/core > react-dates@21.7.0" has unmet peer dependency "react-with-direction@^1.3.1".
warning "strapi-plugin-users-permissions > grant-koa@5.2.0" has unmet peer dependency "koa@>=2.0.0".
[5/5] Building fresh packages...
Done in 101.97s.
[36mINFO[0m[0150] Taking snapshot of full filesystem...        
[36mINFO[0m[0151] Resolving 156535 paths                       
[36mINFO[0m[0244] Pushing layer harbor.simonjamesrowe.com/todo/cache:6e93c44bc54b0928d42d200fe135a4c5cf0371feac7d0f58004dae559eb45789 to cache now 
[36mINFO[0m[0244] COPY . .                                     
[36mINFO[0m[0244] Resolving 149 paths                          
[36mINFO[0m[0244] Taking snapshot of files...                  
[36mINFO[0m[0244] RUN yarn build                               
[36mINFO[0m[0244] cmd: /bin/sh                                 
[36mINFO[0m[0244] args: [-c yarn build]                        
[36mINFO[0m[0244] Running: [/bin/sh -c yarn build]             
[36mINFO[0m[0244] Pushing layer harbor.simonjamesrowe.com/todo/cache:1f431dc7a3bc843fc1879d7b7e3f295f60e7c7906dc13beda3625d1dc45831ec to cache now 
yarn run v1.22.4
$ strapi build
Building your ***** UI with development configuration ...
ℹ Compiling Webpack
✔ Webpack: Compiled successfully in 1.51m
Done in 94.71s.
[36mINFO[0m[0340] Taking snapshot of full filesystem...        
[36mINFO[0m[0341] Resolving 158982 paths                       
[36mINFO[0m[0406] Pushing layer harbor.simonjamesrowe.com/todo/cache:8ee1ff2051e4fa944b1976b2cadd25c3006abcab435937387c1d9db69ec0dc6d to cache now 
[36mINFO[0m[0406] EXPOSE 1337                                  
[36mINFO[0m[0406] cmd: EXPOSE                                  
[36mINFO[0m[0406] Adding exposed port: 1337/tcp                
[36mINFO[0m[0406] No files changed in this command, skipping snapshotting. 
[36mINFO[0m[0406] ENV NODE_ENV production                      
[36mINFO[0m[0406] No files changed in this command, skipping snapshotting. 
[36mINFO[0m[0406] CMD ["yarn", "start"]                        
[36mINFO[0m[0406] No files changed in this command, skipping snapshotting. 
[33mWARN[0m[0407] error uploading layer to cache: failed to push to destination harbor.simonjamesrowe.com/todo/cache:85622ad0b641e8736c87ecb9a78f9d19f2ec23342441366913912b38ceffa057: HEAD https://harbor.simonjamesrowe.com/v2/todo/cache/blobs/sha256:bffa9662308eb75fbdc9ae298067a31a315e6fcde8b0cde47890e6bc412853ae: unsupported status code 401 

Showing logs for build [32msimonjamesrowe-strapi-cms-maste-m9g96-3[0m stage [32mfrom-build-pack[0m and container [32mstep-build-post-build[0m
no CVE provider running in the current ** namespace so skip adding image to be analysed

Showing logs for build [32msimonjamesrowe-strapi-cms-maste-m9g96-3[0m stage [32mfrom-build-pack[0m and container [32mstep-promote-changelog[0m
Converted /workspace/source/charts/strapi-cms to an unshallow repository
Generating change log from git ref 6f244594ae207c054d3c678d3be0aacbe1a1d159 => dfaa14dd470cef3c71a3262605630ea4b134c7e9
Associating user x-0 in users.jenkins.io with email 49699333+dependabot[bot]@users.noreply.github.com to git GitProvider user with login -0 as emails match
Adding label jenkins.io/git-github-userid=-0 to user x-0 in users.jenkins.io
WARNING: Failed to enrich commit f7b0710b67f84ab0e7d7298f7bfafd4900d4eec5 with issues: User.jenkins.io "x-0" is invalid: metadata.labels: Invalid value: "-0": a valid label must be an empty string or consist of alphanumeric characters, '-', '_' or '.', and must start and end with an alphanumeric character (e.g. 'MyValue',  or 'my_value',  or '12345', regex used for validation is '(([A-Za-z0-9][-A-Za-z0-9_.]*)?[A-Za-z0-9])?')
WARNING: Failed to enrich commit f7b0710b67f84ab0e7d7298f7bfafd4900d4eec5 with issues: users.jenkins.io "x-0" already exists
Finding issues in commit messages using git format
WARNING: No release found for simonjamesrowe/strapi-cms and tag v0.0.9 so creating a new release
Updated the release information at https://github.com/simonjamesrowe/strapi-cms/releases/tag/v0.0.9
generated: /workspace/source/charts/strapi-cms/templates/release.yaml
Created Release strapi-cms-0-0-9 resource in namespace **
Updating PipelineActivity simonjamesrowe-strapi-cms-master-3 with version 0.0.9
Updated PipelineActivities simonjamesrowe-strapi-cms-master-3 with release notes URL: https://github.com/simonjamesrowe/strapi-cms/releases/tag/v0.0.9

Showing logs for build [32msimonjamesrowe-strapi-cms-maste-m9g96-3[0m stage [32mfrom-build-pack[0m and container [32mstep-promote-helm-release[0m
WARNING: No $CHART_REPOSITORY defined so using the default value of: http://jenkins-x-chartmuseum:8080
Adding missing Helm repo: storage.googleapis.com https://storage.googleapis.com/chartmuseum.jenkins-x.io
Successfully added Helm repository storage.googleapis.com.
Adding missing Helm repo: jenkins-x-chartmuseum http://jenkins-x-chartmuseum:8080
Successfully added Helm repository jenkins-x-chartmuseum.
WARNING: No $CHART_REPOSITORY defined so using the default value of: http://jenkins-x-chartmuseum:8080
Uploading chart file strapi-cms-0.0.9.tgz to http://jenkins-x-chartmuseum:8080/api/charts
Received 201 response: {"saved":true}

Showing logs for build [32msimonjamesrowe-strapi-cms-maste-m9g96-3[0m stage [32mfrom-build-pack[0m and container [32mstep-promote-jx-promote[0m
WARNING: prow based install so skip waiting for the merge of Pull Requests to go green as currently there is an issue with gettingstatuses from the PR, see https://github.com/jenkins-x/**/issues/2410
WARNING: No $CHART_REPOSITORY defined so using the default value of: http://jenkins-x-chartmuseum:8080
Promoting app strapi-cms version 0.0.9 to namespace **-staging
Created Pull Request: https://github.com/simonjamesrowe/environment-simonjamesrowe-staging/pull/21
Added label updatebot to Pull Request https://github.com/simonjamesrowe/environment-simonjamesrowe-staging/pull/21
got git provider status pending from PR https://github.com/simonjamesrowe/environment-simonjamesrowe-staging/pull/21
got git provider status pending from PR https://github.com/simonjamesrowe/environment-simonjamesrowe-staging/pull/21
got git provider status pending from PR https://github.com/simonjamesrowe/environment-simonjamesrowe-staging/pull/21
