
Showing logs for build [32msimonjamesrowe-strapi-cms-maste-2fx94-5[0m stage [32mfrom-build-pack[0m and container [32mcredential-initializer[0m
{"level":"info","ts":1614289971.104286,"caller":"creds-init/main.go:44","msg":"Credentials initialized."}

Showing logs for build [32msimonjamesrowe-strapi-cms-maste-2fx94-5[0m stage [32mfrom-build-pack[0m and container [32mworking-dir-initializer[0m

Showing logs for build [32msimonjamesrowe-strapi-cms-maste-2fx94-5[0m stage [32mfrom-build-pack[0m and container [32mplace-tools[0m

Showing logs for build [32msimonjamesrowe-strapi-cms-maste-2fx94-5[0m stage [32mfrom-build-pack[0m and container [32mstep-git-source-simonjamesrowe-strapi-cms-maste-2fx94-fbt5g[0m
{"level":"info","ts":1614289979.1456883,"caller":"git/git.go:105","msg":"Successfully cloned https://github.com/simonjamesrowe/strapi-cms.git @ v0.0.20 in path /workspace/source"}
{"level":"warn","ts":1614289979.1459622,"caller":"git/git.go:152","msg":"Unexpected error: creating symlink: symlink /tekton/home/.ssh /****/.ssh: file exists"}
{"level":"info","ts":1614289979.2047005,"caller":"git/git.go:133","msg":"Successfully initialized and updated submodules in path /workspace/source"}

Showing logs for build [32msimonjamesrowe-strapi-cms-maste-2fx94-5[0m stage [32mfrom-build-pack[0m and container [32mstep-setup-builder-home[0m

Showing logs for build [32msimonjamesrowe-strapi-cms-maste-2fx94-5[0m stage [32mfrom-build-pack[0m and container [32mstep-git-merge[0m
Using SHAs from PULL_REFS=master:9311ad9b714dcb876ffe851d485953d8a835f3d2
WARNING: no SHAs to merge, falling back to initial cloned commit

Showing logs for build [32msimonjamesrowe-strapi-cms-maste-2fx94-5[0m stage [32mfrom-build-pack[0m and container [32mstep-setup-jx-git-credentials[0m
Generated Git credentials file /workspace/xdg_config/git/credentials

Showing logs for build [32msimonjamesrowe-strapi-cms-maste-2fx94-5[0m stage [32mfrom-build-pack[0m and container [32mstep-build-container-build[0m
[36mINFO[0m[0000] Using dockerignore file: /workspace/source/.dockerignore 
[36mINFO[0m[0000] Retrieving image manifest strapi/base        
[36mINFO[0m[0001] Retrieving image manifest strapi/base        
[36mINFO[0m[0002] Built cross stage deps: map[]                
[36mINFO[0m[0002] Retrieving image manifest strapi/base        
[36mINFO[0m[0003] Retrieving image manifest strapi/base        
[36mINFO[0m[0004] Executing 0 build triggers                   
[36mINFO[0m[0004] Checking for cached layer harbor.simonjamesrowe.com/todo/cache:f1a3c5758c92d1258c4c28241b7c4a68cf226910412d15e7b835f286cd47d913... 
[36mINFO[0m[0004] No cached layer found for cmd COPY ./package.json ./ 
[36mINFO[0m[0004] cmd: EXPOSE                                  
[36mINFO[0m[0004] Adding exposed port: 1337/tcp                
[36mINFO[0m[0004] Unpacking ****fs as cmd COPY ./package.json ./ requires it. 
[36mINFO[0m[0122] WORKDIR /app                                 
[36mINFO[0m[0122] cmd: workdir                                 
[36mINFO[0m[0122] Changed working directory to /app            
[36mINFO[0m[0122] Creating directory /app                      
[36mINFO[0m[0122] Resolving 1 paths                            
[36mINFO[0m[0122] Taking snapshot of files...                  
[36mINFO[0m[0122] COPY ./package.json ./                       
[36mINFO[0m[0122] Resolving 1 paths                            
[36mINFO[0m[0122] Taking snapshot of files...                  
[36mINFO[0m[0122] Pushing layer harbor.simonjamesrowe.com/todo/cache:f1a3c5758c92d1258c4c28241b7c4a68cf226910412d15e7b835f286cd47d913 to cache now 
[36mINFO[0m[0122] COPY ./yarn.lock ./                          
[36mINFO[0m[0122] Resolving 1 paths                            
[36mINFO[0m[0122] Taking snapshot of files...                  
[36mINFO[0m[0122] Pushing layer harbor.simonjamesrowe.com/todo/cache:d7826fc73c0df8414cd2789dd8bc3f47862e32d3b5664d79e73cd2643e48181b to cache now 
[36mINFO[0m[0122] RUN yarn install --network-timeout 1000000   
[36mINFO[0m[0122] Taking snapshot of full filesystem...        
[36mINFO[0m[0124] Resolving 40689 paths                        
[36mINFO[0m[0133] cmd: /bin/sh                                 
[36mINFO[0m[0133] args: [-c yarn install --network-timeout 1000000] 
[36mINFO[0m[0133] Running: [/bin/sh -c yarn install --network-timeout 1000000] 
yarn install v1.22.5
[1/5] Validating package.json...
[2/5] Resolving packages...
[3/5] Fetching packages...
warning url-loader@1.1.2: Invalid bin field for "url-loader".
info fsevents@2.1.2: The platform "linux" is incompatible with this module.
info "fsevents@2.1.2" is an optional dependency and failed compatibility check. Excluding it from installation.
info fsevents@1.2.11: The platform "linux" is incompatible with this module.
info "fsevents@1.2.11" is an optional dependency and failed compatibility check. Excluding it from installation.
[4/5] Linking dependencies...
warning "strapi-***** > bootstrap@4.4.1" has unmet peer dependency "jquery@1.9.1 - 3".
warning "strapi-***** > bootstrap@4.4.1" has unmet peer dependency "popper.js@^1.16.0".
warning " > strapi-connector-bookshelf@3.1.4" has unmet peer dependency "knex@^0.20.0".
warning "strapi-connector-bookshelf > bookshelf@1.2.0" has unmet peer dependency "knex@>=0.15.0 <0.22.0".
warning "strapi-plugin-graphql > graphql-playground-middleware-koa@1.6.20" has unmet peer dependency "koa@^2".
warning "strapi-plugin-graphql > graphql-type-long@0.1.1" has incorrect peer dependency "graphql@^0.9.1 || ^0.10.0 || ^0.12.0 || ^0.13.0".
warning "strapi-plugin-users-permissions > grant-koa@5.2.0" has unmet peer dependency "koa@>=2.0.0".
[5/5] Building fresh packages...
Done in 180.20s.
[36mINFO[0m[0314] Taking snapshot of full filesystem...        
[36mINFO[0m[0316] Resolving 201948 paths                       
[36mINFO[0m[0439] Pushing layer harbor.simonjamesrowe.com/todo/cache:61e1477dbe8c8f13c9b0b068acfeee3ea89a8df4091ca6b2b78a89e3d5971140 to cache now 
[36mINFO[0m[0439] COPY . .                                     
[36mINFO[0m[0439] Resolving 190 paths                          
[36mINFO[0m[0439] Taking snapshot of files...                  
[36mINFO[0m[0439] RUN yarn build                               
[36mINFO[0m[0439] cmd: /bin/sh                                 
[36mINFO[0m[0439] args: [-c yarn build]                        
[36mINFO[0m[0439] Running: [/bin/sh -c yarn build]             
[36mINFO[0m[0439] Pushing layer harbor.simonjamesrowe.com/todo/cache:67f84c9439d5b5e22d54769215195624ab55debe9d4f0a17dd19c94953df9a90 to cache now 
yarn run v1.22.5
$ strapi build
Building your ***** UI with development configuration ...
ℹ Compiling Webpack
Browserslist: caniuse-lite is outdated. Please run:
npx browserslist@latest --update-db
✔ Webpack: Compiled successfully in 1.60m
Done in 99.30s.
[36mINFO[0m[0539] Taking snapshot of full filesystem...        
[36mINFO[0m[0541] Resolving 205240 paths                       
[36mINFO[0m[0602] Pushing layer harbor.simonjamesrowe.com/todo/cache:01a8b266f9b01a7b262cd0a1e2607306faa8414206980a305b6082455812f93c to cache now 
[36mINFO[0m[0602] EXPOSE 1337                                  
[36mINFO[0m[0602] cmd: EXPOSE                                  
[36mINFO[0m[0602] Adding exposed port: 1337/tcp                
[36mINFO[0m[0602] No files changed in this command, skipping snapshotting. 
[36mINFO[0m[0602] ENV NODE_ENV production                      
[36mINFO[0m[0602] No files changed in this command, skipping snapshotting. 
[36mINFO[0m[0602] CMD ["yarn", "start"]                        
[36mINFO[0m[0602] No files changed in this command, skipping snapshotting. 
[33mWARN[0m[0602] error uploading layer to cache: failed to push to destination harbor.simonjamesrowe.com/todo/cache:f1a3c5758c92d1258c4c28241b7c4a68cf226910412d15e7b835f286cd47d913: HEAD https://harbor.simonjamesrowe.com/v2/todo/cache/blobs/sha256:eb449a15a57fd01e2f0cf4d941aae6459cda0f3003976426579039b3bc76c0e9: unsupported status code 401 

Showing logs for build [32msimonjamesrowe-strapi-cms-maste-2fx94-5[0m stage [32mfrom-build-pack[0m and container [32mstep-build-post-build[0m
no CVE provider running in the current ** namespace so skip adding image to be analysed

Showing logs for build [32msimonjamesrowe-strapi-cms-maste-2fx94-5[0m stage [32mfrom-build-pack[0m and container [32mstep-promote-changelog[0m
Converted /workspace/source/charts/strapi-cms to an unshallow repository
Generating change log from git ref 439d7ba00032988e9c5154455182ee57cf407b36 => 51c76565acdf7015e511384debb2b9755a7cd4f0
Associating user simon-rowe in users.jenkins.io with email simon.rowe@gmail.com to git GitProvider user with login simon-rowe-0 as emails match
Adding label jenkins.io/git-github-userid=simon-rowe-0 to user simon-rowe in users.jenkins.io
Associating user simon-rowe in users.jenkins.io with email simon.rowe@gmail.com to git GitProvider user with login simon-rowe-0 as emails match
Adding label jenkins.io/git-github-userid=simon-rowe-0 to user simon-rowe in users.jenkins.io
Finding issues in commit messages using git format
WARNING: No release found for simonjamesrowe/strapi-cms and tag v0.0.20 so creating a new release
Updated the release information at https://github.com/simonjamesrowe/strapi-cms/releases/tag/v0.0.20
generated: /workspace/source/charts/strapi-cms/templates/release.yaml
Created Release strapi-cms-0-0-20 resource in namespace **
Updating PipelineActivity simonjamesrowe-strapi-cms-master-5 with version 0.0.20
Updated PipelineActivities simonjamesrowe-strapi-cms-master-5 with release notes URL: https://github.com/simonjamesrowe/strapi-cms/releases/tag/v0.0.20

Showing logs for build [32msimonjamesrowe-strapi-cms-maste-2fx94-5[0m stage [32mfrom-build-pack[0m and container [32mstep-promote-helm-release[0m
WARNING: No $CHART_REPOSITORY defined so using the default value of: http://jenkins-x-chartmuseum:8080
Adding missing Helm repo: storage.googleapis.com https://storage.googleapis.com/chartmuseum.jenkins-x.io
Successfully added Helm repository storage.googleapis.com.
Adding missing Helm repo: jenkins-x-chartmuseum http://jenkins-x-chartmuseum:8080
Successfully added Helm repository jenkins-x-chartmuseum.
WARNING: No $CHART_REPOSITORY defined so using the default value of: http://jenkins-x-chartmuseum:8080
Uploading chart file strapi-cms-0.0.20.tgz to http://jenkins-x-chartmuseum:8080/api/charts
Received 201 response: {"saved":true}

Showing logs for build [32msimonjamesrowe-strapi-cms-maste-2fx94-5[0m stage [32mfrom-build-pack[0m and container [32mstep-promote-jx-promote[0m
WARNING: prow based install so skip waiting for the merge of Pull Requests to go green as currently there is an issue with gettingstatuses from the PR, see https://github.com/jenkins-x/**/issues/2410
WARNING: No $CHART_REPOSITORY defined so using the default value of: http://jenkins-x-chartmuseum:8080
Promoting app strapi-cms version 0.0.20 to namespace **-staging
Created Pull Request: https://github.com/simonjamesrowe/environment-simonjamesrowe-staging/pull/75
Added label updatebot to Pull Request https://github.com/simonjamesrowe/environment-simonjamesrowe-staging/pull/75
got git provider status pending from PR https://github.com/simonjamesrowe/environment-simonjamesrowe-staging/pull/75
got git provider status pending from PR https://github.com/simonjamesrowe/environment-simonjamesrowe-staging/pull/75
got git provider status pending from PR https://github.com/simonjamesrowe/environment-simonjamesrowe-staging/pull/75
got git provider status pending from PR https://github.com/simonjamesrowe/environment-simonjamesrowe-staging/pull/75
Pull Request https://github.com/simonjamesrowe/environment-simonjamesrowe-staging/pull/75 is merged at sha 4f99060eea1aa097d1dee8b57fb014160baa67c5
Pull Request merged but we are not waiting for the update pipeline to complete!
WARNING: Could not find the service URL in namespace **-staging for names strapi-cms, **-strapi-cms, **-staging-strapi-cms
