
Showing logs for build [32msimonjamesrowe-strapi-cms-maste-6cgbm-8[0m stage [32mfrom-build-pack[0m and container [32mstep-credential-initializer-z5sw9[0m
{"level":"info","ts":1605337978.1469717,"logger":"fallback-logger","caller":"logging/config.go:69","msg":"Fetch GitHub commit ID from kodata failed: open /var/run/ko/refs/heads/0.8.0-ns-support: no such file or directory"}
{"level":"info","ts":1605337978.1492686,"logger":"fallback-logger","caller":"creds-init/main.go:40","msg":"Credentials initialized."}

Showing logs for build [32msimonjamesrowe-strapi-cms-maste-6cgbm-8[0m stage [32mfrom-build-pack[0m and container [32mstep-working-dir-initializer-hcfnb[0m
{"level":"info","ts":1605337979.2462487,"logger":"fallback-logger","caller":"logging/config.go:69","msg":"Fetch GitHub commit ID from kodata failed: open /var/run/ko/HEAD: no such file or directory"}
{"level":"info","ts":1605337979.248011,"logger":"fallback-logger","caller":"bash/main.go:64","msg":"Successfully executed command \"sh -c mkdir -p /workspace/source\"; output "}

Showing logs for build [32msimonjamesrowe-strapi-cms-maste-6cgbm-8[0m stage [32mfrom-build-pack[0m and container [32mstep-place-tools[0m

Showing logs for build [32msimonjamesrowe-strapi-cms-maste-6cgbm-8[0m stage [32mfrom-build-pack[0m and container [32mstep-git-source-simonjamesrowe-strapi-cms-maste-6cgbm-jft5k[0m
{"level":"info","ts":1605337984.2415342,"logger":"fallback-logger","caller":"logging/config.go:69","msg":"Fetch GitHub commit ID from kodata failed: open /var/run/ko/refs/heads/0.8.0-ns-support: no such file or directory"}
{"level":"info","ts":1605337985.9006507,"logger":"fallback-logger","caller":"git/git.go:103","msg":"Successfully cloned https://github.com/simonjamesrowe/strapi-cms.git @ v0.0.14 in path /workspace/source"}

Showing logs for build [32msimonjamesrowe-strapi-cms-maste-6cgbm-8[0m stage [32mfrom-build-pack[0m and container [32mstep-git-merge[0m
Using SHAs from PULL_REFS=master:b95701e9ff5575ebbbacf033f8964466a355049b
WARNING: no SHAs to merge, falling back to initial cloned commit

Showing logs for build [32msimonjamesrowe-strapi-cms-maste-6cgbm-8[0m stage [32mfrom-build-pack[0m and container [32mstep-setup-jx-git-credentials[0m
Generated Git credentials file /workspace/xdg_config/git/credentials

Showing logs for build [32msimonjamesrowe-strapi-cms-maste-6cgbm-8[0m stage [32mfrom-build-pack[0m and container [32mstep-build-container-build[0m
[36mINFO[0m[0001] Using dockerignore file: /workspace/source/.dockerignore 
[36mINFO[0m[0001] Retrieving image manifest strapi/base        
[36mINFO[0m[0002] Retrieving image manifest strapi/base        
[36mINFO[0m[0004] Built cross stage deps: map[]                
[36mINFO[0m[0004] Retrieving image manifest strapi/base        
[36mINFO[0m[0005] Retrieving image manifest strapi/base        
[36mINFO[0m[0006] Executing 0 build triggers                   
[36mINFO[0m[0006] Checking for cached layer harbor.simonjamesrowe.com/todo/cache:139ef94d10eac5f0587e31294a12d4eb7936dcd1ae72c423d76ace493a5c85ea... 
[36mINFO[0m[0007] No cached layer found for cmd COPY ./package.json ./ 
[36mINFO[0m[0007] cmd: EXPOSE                                  
[36mINFO[0m[0007] Adding exposed port: 1337/tcp                
[36mINFO[0m[0007] Unpacking ****fs as cmd COPY ./package.json ./ requires it. 
[36mINFO[0m[0039] WORKDIR /app                                 
[36mINFO[0m[0039] cmd: workdir                                 
[36mINFO[0m[0039] Changed working directory to /app            
[36mINFO[0m[0039] Creating directory /app                      
[36mINFO[0m[0039] Resolving 1 paths                            
[36mINFO[0m[0039] Taking snapshot of files...                  
[36mINFO[0m[0039] COPY ./package.json ./                       
[36mINFO[0m[0039] Resolving 1 paths                            
[36mINFO[0m[0039] Taking snapshot of files...                  
[36mINFO[0m[0039] COPY ./yarn.lock ./                          
[36mINFO[0m[0039] Pushing layer harbor.simonjamesrowe.com/todo/cache:139ef94d10eac5f0587e31294a12d4eb7936dcd1ae72c423d76ace493a5c85ea to cache now 
[36mINFO[0m[0039] Resolving 1 paths                            
[36mINFO[0m[0039] Taking snapshot of files...                  
[36mINFO[0m[0039] RUN yarn install --network-timeout 1000000   
[36mINFO[0m[0039] Taking snapshot of full filesystem...        
[36mINFO[0m[0039] Pushing layer harbor.simonjamesrowe.com/todo/cache:81121244a86f5b74cd921c3f47528788462f59f1972878b1043033a561861d79 to cache now 
[36mINFO[0m[0043] Resolving 40642 paths                        
[36mINFO[0m[0050] cmd: /bin/sh                                 
[36mINFO[0m[0050] args: [-c yarn install --network-timeout 1000000] 
[36mINFO[0m[0050] Running: [/bin/sh -c yarn install --network-timeout 1000000] 
yarn install v1.22.5
[1/5] Validating package.json...
[2/5] Resolving packages...
[3/5] Fetching packages...
warning url-loader@1.1.2: Invalid bin field for "url-loader".
info fsevents@2.1.2: The platform "linux" is incompatible with this module.
info "fsevents@2.1.2" is an optional dependency and failed compatibility check. Excluding it from installation.
info fsevents@1.2.11: The platform "linux" is incompatible with this module.
info "fsevents@1.2.11" is an optional dependency and failed compatibility check. Excluding it from installation.
[4/5] Linking dependencies...
warning "strapi-***** > bootstrap@4.4.1" has unmet peer dependency "jquery@1.9.1 - 3".
warning "strapi-***** > bootstrap@4.4.1" has unmet peer dependency "popper.js@^1.16.0".
warning " > strapi-connector-bookshelf@3.1.4" has unmet peer dependency "knex@^0.20.0".
warning "strapi-connector-bookshelf > bookshelf@1.2.0" has unmet peer dependency "knex@>=0.15.0 <0.22.0".
warning "strapi-plugin-graphql > graphql-playground-middleware-koa@1.6.20" has unmet peer dependency "koa@^2".
warning "strapi-plugin-graphql > graphql-type-long@0.1.1" has incorrect peer dependency "graphql@^0.9.1 || ^0.10.0 || ^0.12.0 || ^0.13.0".
warning "strapi-plugin-users-permissions > grant-koa@5.2.0" has unmet peer dependency "koa@>=2.0.0".
[5/5] Building fresh packages...
Done in 138.06s.
[36mINFO[0m[0188] Taking snapshot of full filesystem...        
[36mINFO[0m[0189] Resolving 202889 paths                       
[36mINFO[0m[0376] Pushing layer harbor.simonjamesrowe.com/todo/cache:70f40541e22e5bc4ff6c35caae2ac45369db99649307b722f076cb3e270b64ff to cache now 
[36mINFO[0m[0376] COPY . .                                     
[36mINFO[0m[0377] Resolving 180 paths                          
[36mINFO[0m[0377] Taking snapshot of files...                  
[36mINFO[0m[0377] Pushing layer harbor.simonjamesrowe.com/todo/cache:bf15c0d869370c02153e008e5067fe714d20648e52c4f7f4b7e3a7496b65f520 to cache now 
[36mINFO[0m[0377] RUN yarn build                               
[36mINFO[0m[0377] cmd: /bin/sh                                 
[36mINFO[0m[0377] args: [-c yarn build]                        
[36mINFO[0m[0377] Running: [/bin/sh -c yarn build]             
yarn run v1.22.5
$ strapi build
Building your ***** UI with development configuration ...
ℹ Compiling Webpack
✔ Webpack: Compiled successfully in 1.72m
Done in 108.05s.
[36mINFO[0m[0485] Taking snapshot of full filesystem...        
[36mINFO[0m[0489] Resolving 206170 paths                       
[36mINFO[0m[0595] EXPOSE 1337                                  
[36mINFO[0m[0595] cmd: EXPOSE                                  
[36mINFO[0m[0595] Adding exposed port: 1337/tcp                
[36mINFO[0m[0595] No files changed in this command, skipping snapshotting. 
[36mINFO[0m[0595] ENV NODE_ENV production                      
[36mINFO[0m[0595] No files changed in this command, skipping snapshotting. 
[36mINFO[0m[0595] CMD ["yarn", "start"]                        
[36mINFO[0m[0595] No files changed in this command, skipping snapshotting. 
[36mINFO[0m[0595] Pushing layer harbor.simonjamesrowe.com/todo/cache:9e9b5624d9053908cfb16e09f585fb4ef802b2584595665a3942d60ed8fd6ee7 to cache now 
[33mWARN[0m[0596] error uploading layer to cache: failed to push to destination harbor.simonjamesrowe.com/todo/cache:81121244a86f5b74cd921c3f47528788462f59f1972878b1043033a561861d79: HEAD https://harbor.simonjamesrowe.com/v2/todo/cache/blobs/sha256:2510bb1e64e7b2bf0944cb39ca80f7f6853339f791b8b6b338c3012850e9bf45: unsupported status code 401 

Showing logs for build [32msimonjamesrowe-strapi-cms-maste-6cgbm-8[0m stage [32mfrom-build-pack[0m and container [32mstep-build-post-build[0m
no CVE provider running in the current ** namespace so skip adding image to be analysed

Showing logs for build [32msimonjamesrowe-strapi-cms-maste-6cgbm-8[0m stage [32mfrom-build-pack[0m and container [32mstep-promote-changelog[0m
Converted /workspace/source/charts/strapi-cms to an unshallow repository
Generating change log from git ref 3fba688286ff7d80ee86b2345d7a33b1b73a84d7 => c0c3da05479b2cd2296e15e25a7bbd0f80a742c2
WARNING: Failed to enrich commit b95701e9ff5575ebbbacf033f8964466a355049b with issues: users.jenkins.io "x-0" already exists
WARNING: Failed to enrich commit b95701e9ff5575ebbbacf033f8964466a355049b with issues: users.jenkins.io "x-0" already exists
Finding issues in commit messages using git format
WARNING: No release found for simonjamesrowe/strapi-cms and tag v0.0.14 so creating a new release
Updated the release information at https://github.com/simonjamesrowe/strapi-cms/releases/tag/v0.0.14
generated: /workspace/source/charts/strapi-cms/templates/release.yaml
Created Release strapi-cms-0-0-14 resource in namespace **
Updating PipelineActivity simonjamesrowe-strapi-cms-master-8 with version 0.0.14
Updated PipelineActivities simonjamesrowe-strapi-cms-master-8 with release notes URL: https://github.com/simonjamesrowe/strapi-cms/releases/tag/v0.0.14

Showing logs for build [32msimonjamesrowe-strapi-cms-maste-6cgbm-8[0m stage [32mfrom-build-pack[0m and container [32mstep-promote-helm-release[0m
WARNING: No $CHART_REPOSITORY defined so using the default value of: http://jenkins-x-chartmuseum:8080
Adding missing Helm repo: storage.googleapis.com https://storage.googleapis.com/chartmuseum.jenkins-x.io
Successfully added Helm repository storage.googleapis.com.
Adding missing Helm repo: jenkins-x-chartmuseum http://jenkins-x-chartmuseum:8080
Successfully added Helm repository jenkins-x-chartmuseum.
WARNING: No $CHART_REPOSITORY defined so using the default value of: http://jenkins-x-chartmuseum:8080
Uploading chart file strapi-cms-0.0.14.tgz to http://jenkins-x-chartmuseum:8080/api/charts
Received 201 response: {"saved":true}

Showing logs for build [32msimonjamesrowe-strapi-cms-maste-6cgbm-8[0m stage [32mfrom-build-pack[0m and container [32mstep-promote-jx-promote[0m
WARNING: prow based install so skip waiting for the merge of Pull Requests to go green as currently there is an issue with gettingstatuses from the PR, see https://github.com/jenkins-x/**/issues/2410
WARNING: No $CHART_REPOSITORY defined so using the default value of: http://jenkins-x-chartmuseum:8080
Promoting app strapi-cms version 0.0.14 to namespace **-staging
Created Pull Request: https://github.com/simonjamesrowe/environment-simonjamesrowe-staging/pull/51
Added label updatebot to Pull Request https://github.com/simonjamesrowe/environment-simonjamesrowe-staging/pull/51
WARNING: Failed to query the Pull Request last commit status for https://github.com/simonjamesrowe/environment-simonjamesrowe-staging/pull/51 ref df83fc517a0a9de9b2597e0cb7a712f3903ba0f5 Could not find a status for repository simonjamesrowe/environment-simonjamesrowe-staging with ref df83fc517a0a9de9b2597e0cb7a712f3903ba0f5
got git provider status pending from PR https://github.com/simonjamesrowe/environment-simonjamesrowe-staging/pull/51
got git provider status pending from PR https://github.com/simonjamesrowe/environment-simonjamesrowe-staging/pull/51
got git provider status pending from PR https://github.com/simonjamesrowe/environment-simonjamesrowe-staging/pull/51
got git provider status pending from PR https://github.com/simonjamesrowe/environment-simonjamesrowe-staging/pull/51
Pull Request https://github.com/simonjamesrowe/environment-simonjamesrowe-staging/pull/51 is merged at sha 25148a5a020f79e25bf70c7221bcbd75a9728b72
Pull Request merged but we are not waiting for the update pipeline to complete!
WARNING: Could not find the service URL in namespace **-staging for names strapi-cms, **-strapi-cms, **-staging-strapi-cms
